<?xml version="1.0" encoding="UTF-8"?>
<testng-results ignored="0" total="1" passed="1" failed="0" skipped="0">
  <reporter-output>
  </reporter-output>
  <suite started-at="2022-03-22T09:25:36 GMT" name="Suite" finished-at="2022-03-22T09:25:52 GMT" duration-ms="16258">
    <groups>
    </groups>
    <test started-at="2022-03-22T09:25:36 GMT" name="Test" finished-at="2022-03-22T09:25:52 GMT" duration-ms="16258">
      <class name="com.reach.testCases.CompaniesTest">
        <test-method is-config="true" signature="openURL(java.lang.String)[pri:0, instance:com.reach.testCases.CompaniesTest@6aeb35e6]" started-at="2022-03-22T09:25:36 GMT" name="openURL" finished-at="2022-03-22T09:25:39 GMT" duration-ms="3703" status="PASS">
          <params>
            <param index="0">
              <value>
                <![CDATA[chrome]]>
              </value>
            </param>
          </params>
          <reporter-output>
          </reporter-output>
        </test-method> <!-- openURL -->
        <test-method signature="getCompaniesDetails()[pri:0, instance:com.reach.testCases.CompaniesTest@6aeb35e6]" started-at="2022-03-22T09:25:39 GMT" name="getCompaniesDetails" finished-at="2022-03-22T09:25:51 GMT" duration-ms="12127" status="PASS">
          <reporter-output>
          </reporter-output>
        </test-method> <!-- getCompaniesDetails -->
        <test-method is-config="true" signature="closeBrowser()[pri:0, instance:com.reach.testCases.CompaniesTest@6aeb35e6]" started-at="2022-03-22T09:25:51 GMT" name="closeBrowser" finished-at="2022-03-22T09:25:52 GMT" duration-ms="380" status="PASS">
          <reporter-output>
          </reporter-output>
        </test-method> <!-- closeBrowser -->
      </class> <!-- com.reach.testCases.CompaniesTest -->
    </test> <!-- Test -->
  </suite> <!-- Suite -->
</testng-results>
